[debug] [2019-01-30T22:12:10.250Z] ----------------------------------------------------------------------
[debug] [2019-01-30T22:12:10.251Z] Command:       /usr/local/bin/node /usr/local/bin/firebase serve
[debug] [2019-01-30T22:12:10.252Z] CLI Version:   6.3.0
[debug] [2019-01-30T22:12:10.252Z] Platform:      darwin
[debug] [2019-01-30T22:12:10.252Z] Node Version:  v8.11.3
[debug] [2019-01-30T22:12:10.252Z] Time:          Wed Jan 30 2019 14:12:10 GMT-0800 (PST)
[debug] [2019-01-30T22:12:10.252Z] ----------------------------------------------------------------------
[debug] 
[debug] [2019-01-30T22:12:10.259Z] > command requires scopes: ["email","openid","https://www.googleapis.com/auth/cloudplatformprojects.readonly","https://www.googleapis.com/auth/firebase","https://www.googleapis.com/auth/cloud-platform"]
[debug] [2019-01-30T22:12:10.259Z] > authorizing via signed-in user
[debug] [2019-01-30T22:12:10.259Z] [iam] checking project brandless-clone for permissions ["firebase.projects.get"]
[debug] [2019-01-30T22:12:10.261Z] >>> HTTP REQUEST POST https://cloudresourcemanager.googleapis.com/v1/projects/brandless-clone:testIamPermissions  

[debug] [2019-01-30T22:12:10.401Z] <<< HTTP RESPONSE 200
[debug] [2019-01-30T22:12:10.403Z] >>> HTTP REQUEST GET https://cloudresourcemanager.googleapis.com/v1/projects/brandless-clone  
 
[debug] [2019-01-30T22:12:10.564Z] <<< HTTP RESPONSE 200
[info] 
[info] === Serving from '/Users/Guest/Desktop/brandless-clone'...
[info] 
[debug] [2019-01-30T22:12:10.566Z] >>> HTTP REQUEST GET https://mobilesdk-pa.googleapis.com/v1/projects/691012103467/clients/_:getWebAppConfig  
 
[debug] [2019-01-30T22:12:10.747Z] <<< HTTP RESPONSE 200
[info] i  hosting: Serving hosting files from: dist
[info] ✔  hosting: Local server: http://localhost:5000
